{
  level: 'error',
  message: 'error time is the testing at?',
  label: 'right meow!',
  timestamp: '2024-07-15T09:20:59.443Z'
}
{
  level: 'error',
  message: 'error time is the testing at?',
  label: 'right meow!',
  timestamp: '2024-07-15T09:27:46.698Z'
}
{
  level: 'error',
  message: 'error time is the testing at?',
  label: 'right meow!',
  timestamp: '2024-07-15T09:29:21.455Z'
}
{
  level: 'error',
  message: 'error time is the testing at?',
  label: 'right meow!',
  timestamp: '2024-07-15T09:32:16.857Z'
}
{
  level: 'error',
  message: 'error time is the testing at?',
  label: 'right meow!',
  timestamp: '2024-07-15T09:41:14.154Z'
}
{
  level: 'error',
  message: 'error time is the testing at?',
  label: 'right meow!',
  timestamp: '2024-07-15T09:54:18.625Z'
}
{
  level: 'error',
  message: 'error time is the testing at?',
  label: 'right meow!',
  timestamp: '2024-07-15T09:56:37.302Z'
}
{
  level: 'error',
  message: 'error time is the testing at?',
  label: 'right meow!',
  timestamp: '2024-07-15T09:58:49.106Z'
}
{
  level: 'error',
  message: 'error time is the testing at?',
  label: 'right meow!',
  timestamp: '2024-07-15T10:06:10.978Z'
}
{
  level: 'error',
  message: 'error time is the testing at?',
  label: 'right meow!',
  timestamp: '2024-07-15T10:16:24.948Z'
}
{
  level: 'error',
  message: 'error time is the testing at?',
  label: 'right meow!',
  timestamp: '2024-07-15T10:17:16.031Z'
}
{
  level: 'error',
  message: 'error time is the testing at?',
  label: 'right meow!',
  timestamp: '2024-07-15T10:48:01.209Z'
}
{
  level: 'error',
  message: 'error time is the testing at?',
  label: 'right meow!',
  timestamp: '2024-07-15T11:11:28.109Z'
}
{
  level: 'error',
  message: 'error time is the testing at?',
  label: 'right meow!',
  timestamp: '2024-07-15T11:17:44.948Z'
}
{
  level: 'error',
  message: 'error time is the testing at?',
  label: 'right meow!',
  timestamp: '2024-07-15T11:34:57.218Z'
}
{
  level: 'error',
  message: 'error time is the testing at?',
  label: 'right meow!',
  timestamp: '2024-07-15T11:37:00.259Z'
}
{
  level: 'error',
  message: 'error time is the testing at?',
  label: 'right meow!',
  timestamp: '2024-07-15T11:37:38.692Z'
}
{
  level: 'error',
  message: 'error time is the testing at?',
  label: 'right meow!',
  timestamp: '2024-07-15T11:38:00.872Z'
}
{
  level: 'error',
  message: 'error time is the testing at?',
  label: 'right meow!',
  timestamp: '2024-07-15T11:39:19.436Z'
}
{
  level: 'error',
  message: 'error time is the testing at?',
  label: 'right meow!',
  timestamp: '2024-07-15T11:45:40.717Z'
}
{
  level: 'error',
  message: 'error time is the testing at?',
  label: 'right meow!',
  timestamp: '2024-07-15T11:46:43.598Z'
}
{
  level: 'error',
  message: 'error time is the testing at?',
  label: 'right meow!',
  timestamp: '2024-07-15T11:47:47.094Z'
}
{
  level: 'error',
  message: 'error time is the testing at?',
  label: 'right meow!',
  timestamp: '2024-07-15T11:48:40.033Z'
}
{
  level: 'error',
  message: 'error time is the testing at?',
  label: 'right meow!',
  timestamp: '2024-07-15T11:49:11.414Z'
}
{
  level: 'error',
  message: 'error time is the testing at?',
  label: 'right meow!',
  timestamp: '2024-07-15T11:52:39.994Z'
}
{
  level: 'error',
  message: 'error time is the testing at?',
  label: 'right meow!',
  timestamp: '2024-07-15T12:01:32.239Z'
}
{
  level: 'error',
  message: 'error time is the testing at?',
  label: 'right meow!',
  timestamp: '2024-07-15T12:02:38.466Z'
}
{
  level: 'error',
  message: 'error time is the testing at?',
  label: 'right meow!',
  timestamp: '2024-07-15T12:03:27.118Z'
}
{
  level: 'error',
  message: 'error time is the testing at?',
  label: 'right meow!',
  timestamp: '2024-07-15T12:03:41.273Z'
}
{
  level: 'error',
  message: 'error time is the testing at?',
  label: 'right meow!',
  timestamp: '2024-07-15T12:06:21.176Z'
}
{
  level: 'error',
  message: 'error time is the testing at?',
  label: 'right meow!',
  timestamp: '2024-07-15T13:56:02.259Z'
}
{
  level: 'error',
  message: 'error time is the testing at?',
  label: 'right meow!',
  timestamp: '2024-07-15T13:56:37.450Z'
}
{
  level: 'error',
  message: 'error time is the testing at?',
  label: 'right meow!',
  timestamp: '2024-07-15T13:58:01.967Z'
}
{
  level: 'error',
  message: 'error time is the testing at?',
  label: 'right meow!',
  timestamp: '2024-07-15T14:04:04.638Z'
}
{
  level: 'error',
  message: 'error time is the testing at?',
  label: 'right meow!',
  timestamp: '2024-07-15T14:05:06.183Z'
}
{
  level: 'error',
  message: 'error time is the testing at?',
  label: 'right meow!',
  timestamp: '2024-07-15T14:07:30.922Z'
}
{
  level: 'error',
  message: 'error time is the testing at?',
  label: 'right meow!',
  timestamp: '2024-07-15T14:07:56.074Z'
}
{
  level: 'error',
  message: 'error time is the testing at?',
  label: 'right meow!',
  timestamp: '2024-07-15T14:09:20.380Z'
}
{
  level: 'error',
  message: 'error time is the testing at?',
  label: 'right meow!',
  timestamp: '2024-07-15T14:10:22.473Z'
}
{
  level: 'error',
  message: 'error time is the testing at?',
  label: 'right meow!',
  timestamp: '2024-07-15T14:12:33.089Z'
}
{
  level: 'error',
  message: 'error time is the testing at?',
  label: 'right meow!',
  timestamp: '2024-07-15T14:13:59.130Z'
}
{
  level: 'error',
  message: 'error time is the testing at?',
  label: 'right meow!',
  timestamp: '2024-07-15T14:28:45.774Z'
}
{
  level: 'error',
  message: 'error time is the testing at?',
  label: 'right meow!',
  timestamp: '2024-07-15T14:28:59.867Z'
}
{
  level: 'error',
  message: 'error time is the testing at?',
  label: 'right meow!',
  timestamp: '2024-07-15T14:30:04.337Z'
}
{
  level: 'error',
  message: 'error time is the testing at?',
  label: 'right meow!',
  timestamp: '2024-07-15T14:37:15.082Z'
}
{
  level: 'error',
  message: 'error time is the testing at?',
  label: 'right meow!',
  timestamp: '2024-07-15T14:37:44.528Z'
}
{
  level: 'error',
  message: 'error time is the testing at?',
  label: 'right meow!',
  timestamp: '2024-07-15T14:39:46.082Z'
}
